<?xml version="1.0" encoding="UTF-8"?>
<!-- Generated by org.testng.reporters.JUnitReportReporter -->
<testsuite hostname="DESKTOP-4C4QSH0" failures="0" tests="1" name="test.com.TravelTest" time="14.943" errors="0" timestamp="28 Sep 2023 17:13:35 GMT">
  <testcase classname="test.com.TravelTest" name="testTravel" time="14.943"/>
</testsuite> <!-- test.com.TravelTest -->
