<?xml version="1.0" encoding="UTF-8"?>
<!-- Generated by org.testng.reporters.JUnitReportReporter -->
<testsuite hostname="DESKTOP-4C4QSH0" failures="0" tests="1" name="test.com.LoginTest" time="15.082" errors="0" timestamp="28 Sep 2023 17:11:31 GMT">
  <testcase classname="test.com.LoginTest" name="executeLoginPageModule" time="15.082"/>
</testsuite> <!-- test.com.LoginTest -->
