<?xml version="1.0" encoding="UTF-8"?>
<!-- Generated by org.testng.reporters.JUnitReportReporter -->
<testsuite hostname="DESKTOP-4C4QSH0" failures="0" tests="1" name="test.com.DealsTest" time="15.987" errors="0" timestamp="28 Sep 2023 17:19:20 GMT">
  <testcase classname="test.com.DealsTest" name="testDeal" time="15.987"/>
</testsuite> <!-- test.com.DealsTest -->
