<?xml version="1.0" encoding="UTF-8"?>
<!-- Generated by org.testng.reporters.JUnitReportReporter -->
<testsuite hostname="DESKTOP-4C4QSH0" failures="0" tests="1" name="test.com.HoverTest" time="9.972" errors="0" timestamp="28 Sep 2023 17:19:50 GMT">
  <testcase classname="test.com.HoverTest" name="hover" time="9.972"/>
</testsuite> <!-- test.com.HoverTest -->
