<?xml version="1.0" encoding="UTF-8"?>
<!-- Generated by org.testng.reporters.JUnitReportReporter -->
<testsuite hostname="DESKTOP-4C4QSH0" failures="0" tests="1" name="test.com.SignInTest" time="36.888" errors="0" timestamp="28 Sep 2023 17:11:31 GMT">
  <testcase classname="test.com.SignInTest" name="testUntitledTestCase" time="36.888"/>
</testsuite> <!-- test.com.SignInTest -->
