<?xml version="1.0" encoding="UTF-8"?>
<!-- Generated by org.testng.reporters.JUnitReportReporter -->
<testsuite hostname="DESKTOP-4C4QSH0" failures="0" tests="1" name="test.com.ProductTest" time="12.905" errors="0" timestamp="28 Sep 2023 17:11:31 GMT">
  <testcase classname="test.com.ProductTest" name="testProductSearch" time="12.905"/>
</testsuite> <!-- test.com.ProductTest -->
